# Logfile created on Sun Jul 04 10:28:58 +0300 2010 by logger.rb/22285
  MONGODB admin['$cmd'].find({:ismaster=>1}, {}).limit(-1)
  MONGODB mm-money-test-1-8-7['system.namespaces'].find({}, {})
  MONGODB mm-money-test-1-8-7['products'].remove({})
  MONGODB mm-money-test-1-8-7['system.indexes'].remove({})
  MONGODB mm-money-test-1-8-7['products'].remove({})
  MONGODB mm-money-test-1-8-7['products'].remove({})
  MONGODB mm-money-test-1-8-7['products'].remove({})
  MONGODB mm-money-test-1-8-7['products'].remove({})
  MONGODB mm-money-test-1-8-7['products'].remove({})
  MONGODB mm-money-test-1-8-7['products'].remove({})
  MONGODB mm-money-test-1-8-7['products'].update({:_id=>BSON::ObjectID('4c30383a0e9dab57f0000006')}, {"price"=>"$10.00 USD", "_id"=>BSON::ObjectID('4c30383a0e9dab57f0000006')})
  MONGODB mm-money-test-1-8-7['products'].find({}, {}).limit(-1)
  MONGODB mm-money-test-1-8-7['products'].remove({})
  MONGODB mm-money-test-1-8-7['products'].update({:_id=>BSON::ObjectID('4c30383a0e9dab57f0000007')}, {"price"=>"€10.00 EUR", "_id"=>BSON::ObjectID('4c30383a0e9dab57f0000007')})
  MONGODB mm-money-test-1-8-7['products'].update({:_id=>BSON::ObjectID('4c30383a0e9dab57f0000008')}, {"price"=>"€30.00 EUR", "_id"=>BSON::ObjectID('4c30383a0e9dab57f0000008')})
  MONGODB mm-money-test-1-8-7['products'].update({:_id=>BSON::ObjectID('4c30383a0e9dab57f0000009')}, {"price"=>"€20.00 EUR", "_id"=>BSON::ObjectID('4c30383a0e9dab57f0000009')})
  MONGODB mm-money-test-1-8-7['products'].find({}, {}).sort([["price", 1]])
  MONGODB admin['$cmd'].find({:ismaster=>1}, {}).limit(-1)
  MONGODB mm-money-test-1-8-7['system.namespaces'].find({}, {})
  MONGODB mm-money-test-1-8-7['products'].remove({})
  MONGODB mm-money-test-1-8-7['system.indexes'].remove({})
  MONGODB mm-money-test-1-8-7['products'].remove({})
  MONGODB mm-money-test-1-8-7['products'].remove({})
  MONGODB mm-money-test-1-8-7['products'].remove({})
  MONGODB mm-money-test-1-8-7['products'].remove({})
  MONGODB mm-money-test-1-8-7['products'].remove({})
  MONGODB mm-money-test-1-8-7['products'].remove({})
  MONGODB mm-money-test-1-8-7['products'].update({:_id=>BSON::ObjectID('4c3039180e9dab5d86000006')}, {"price"=>"$10.00 USD", "_id"=>BSON::ObjectID('4c3039180e9dab5d86000006')})
  MONGODB mm-money-test-1-8-7['products'].find({}, {}).limit(-1)
  MONGODB mm-money-test-1-8-7['products'].remove({})
  MONGODB mm-money-test-1-8-7['products'].update({:_id=>BSON::ObjectID('4c3039180e9dab5d86000007')}, {"price"=>"€10.00 EUR", "_id"=>BSON::ObjectID('4c3039180e9dab5d86000007')})
  MONGODB mm-money-test-1-8-7['products'].update({:_id=>BSON::ObjectID('4c3039180e9dab5d86000008')}, {"price"=>"€30.00 EUR", "_id"=>BSON::ObjectID('4c3039180e9dab5d86000008')})
  MONGODB mm-money-test-1-8-7['products'].update({:_id=>BSON::ObjectID('4c3039180e9dab5d86000009')}, {"price"=>"€20.00 EUR", "_id"=>BSON::ObjectID('4c3039180e9dab5d86000009')})
  MONGODB mm-money-test-1-8-7['products'].find({}, {}).sort([["price", 1]])
